<?xml version="1.0" encoding="UTF-8"?>
<!-- Generated by org.testng.reporters.JUnitReportReporter -->
<testsuite hostname="LAPTOP-HE3IJ9BH" failures="0" tests="1" name="TestDrive.TestSwag" time="13.193" errors="0" timestamp="2023-03-01T19:36:59 IST" skipped="0">
  <testcase classname="TestDrive.TestSwag" name="location" time="13.193"/>
  <system-out/>
</testsuite> <!-- TestDrive.TestSwag -->
