<?xml version="1.0" encoding="UTF-8"?>
<!-- Generated by org.testng.reporters.JUnitReportReporter -->
<testsuite hostname="LAPTOP-HE3IJ9BH" failures="0" tests="1" name="TestDrive.Testclass" time="11.314" errors="0" timestamp="2023-02-11T12:16:30 IST" skipped="0">
  <testcase classname="TestDrive.Testclass" name="location" time="11.314"/>
  <system-out/>
</testsuite> <!-- TestDrive.Testclass -->
